<?xml version="1.0" ?>
<coverage version="7.9.1" timestamp="1752188870583" lines-valid="1305" lines-covered="670" line-rate="0.5134" branches-valid="310" branches-covered="78" branch-rate="0.2516" complexity="0">
	<!-- Generated by coverage.py: https://coverage.readthedocs.io/en/7.9.1 -->
	<!-- Based on https://raw.githubusercontent.com/cobertura/web/master/htdocs/xml/coverage-04.dtd -->
	<sources>
		<source>/home/sam/Engineering/wafrunner/wafrunner-cli</source>
	</sources>
	<packages>
		<package name="tests" line-rate="0.984" branch-rate="0.5909" complexity="0">
			<classes>
				<class name="test_api_client.py" filename="tests/test_api_client.py" complexity="0" line-rate="1" branch-rate="1">
					<methods/>
					<lines>
						<line number="1" hits="1"/>
						<line number="2" hits="1"/>
						<line number="3" hits="1"/>
						<line number="5" hits="1"/>
						<line number="6" hits="1"/>
						<line number="9" hits="1"/>
						<line number="14" hits="1"/>
						<line number="19" hits="1"/>
						<line number="20" hits="1"/>
						<line number="23" hits="1"/>
						<line number="28" hits="1"/>
						<line number="32" hits="1"/>
						<line number="33" hits="1"/>
						<line number="34" hits="1"/>
						<line number="38" hits="1"/>
						<line number="39" hits="1"/>
						<line number="42" hits="1"/>
						<line number="43" hits="1"/>
						<line number="46" hits="1"/>
						<line number="47" hits="1"/>
						<line number="48" hits="1"/>
						<line number="51" hits="1"/>
						<line number="55" hits="1"/>
						<line number="59" hits="1"/>
						<line number="60" hits="1"/>
						<line number="62" hits="1"/>
						<line number="63" hits="1"/>
						<line number="66" hits="1"/>
						<line number="67" hits="1"/>
						<line number="70" hits="1"/>
						<line number="72" hits="1"/>
						<line number="75" hits="1"/>
						<line number="80" hits="1"/>
						<line number="84" hits="1"/>
						<line number="87" hits="1"/>
						<line number="91" hits="1"/>
						<line number="94" hits="1"/>
						<line number="95" hits="1"/>
						<line number="98" hits="1"/>
						<line number="99" hits="1"/>
						<line number="104" hits="1"/>
						<line number="105" hits="1"/>
						<line number="109" hits="1"/>
						<line number="114" hits="1"/>
						<line number="117" hits="1"/>
						<line number="120" hits="1"/>
						<line number="124" hits="1"/>
						<line number="130" hits="1"/>
						<line number="131" hits="1"/>
						<line number="134" hits="1"/>
						<line number="135" hits="1"/>
						<line number="136" hits="1"/>
						<line number="137" hits="1"/>
						<line number="140" hits="1"/>
						<line number="144" hits="1"/>
						<line number="148" hits="1"/>
						<line number="151" hits="1"/>
						<line number="152" hits="1"/>
						<line number="157" hits="1"/>
						<line number="158" hits="1"/>
						<line number="159" hits="1"/>
					</lines>
				</class>
				<class name="test_collection_commands.py" filename="tests/test_collection_commands.py" complexity="0" line-rate="0.9762" branch-rate="0.8333">
					<methods/>
					<lines>
						<line number="1" hits="1"/>
						<line number="2" hits="1"/>
						<line number="3" hits="1"/>
						<line number="4" hits="1"/>
						<line number="5" hits="1"/>
						<line number="7" hits="1"/>
						<line number="9" hits="1"/>
						<line number="11" hits="1"/>
						<line number="13" hits="1"/>
						<line number="14" hits="1"/>
						<line number="15" hits="1"/>
						<line number="16" hits="1" branch="true" condition-coverage="100% (2/2)"/>
						<line number="17" hits="1"/>
						<line number="20" hits="1"/>
						<line number="23" hits="1"/>
						<line number="24" hits="1"/>
						<line number="27" hits="1"/>
						<line number="28" hits="1"/>
						<line number="29" hits="1"/>
						<line number="30" hits="1"/>
						<line number="31" hits="1"/>
						<line number="32" hits="1"/>
						<line number="33" hits="1"/>
						<line number="35" hits="1"/>
						<line number="36" hits="1"/>
						<line number="37" hits="1"/>
						<line number="38" hits="1" branch="true" condition-coverage="100% (2/2)"/>
						<line number="40" hits="1"/>
						<line number="46" hits="1"/>
						<line number="47" hits="1"/>
						<line number="48" hits="1"/>
						<line number="51" hits="1"/>
						<line number="54" hits="1"/>
						<line number="55" hits="1"/>
						<line number="58" hits="1"/>
						<line number="59" hits="1"/>
						<line number="60" hits="1"/>
						<line number="61" hits="1"/>
						<line number="62" hits="1"/>
						<line number="63" hits="1"/>
						<line number="65" hits="1" branch="true" condition-coverage="50% (1/2)" missing-branches="66"/>
						<line number="66" hits="0"/>
					</lines>
				</class>
				<class name="test_config_manager.py" filename="tests/test_config_manager.py" complexity="0" line-rate="1" branch-rate="1">
					<methods/>
					<lines>
						<line number="1" hits="1"/>
						<line number="2" hits="1"/>
						<line number="5" hits="1"/>
						<line number="10" hits="1"/>
						<line number="12" hits="1"/>
						<line number="13" hits="1"/>
						<line number="16" hits="1"/>
						<line number="19" hits="1"/>
						<line number="20" hits="1"/>
						<line number="22" hits="1"/>
						<line number="23" hits="1"/>
						<line number="26" hits="1"/>
						<line number="30" hits="1"/>
						<line number="31" hits="1"/>
						<line number="32" hits="1"/>
					</lines>
				</class>
				<class name="test_database.py" filename="tests/test_database.py" complexity="0" line-rate="0.9643" branch-rate="0.5">
					<methods/>
					<lines>
						<line number="2" hits="1"/>
						<line number="3" hits="1"/>
						<line number="4" hits="1"/>
						<line number="5" hits="1"/>
						<line number="7" hits="1"/>
						<line number="9" hits="1"/>
						<line number="11" hits="1"/>
						<line number="13" hits="1"/>
						<line number="14" hits="1"/>
						<line number="15" hits="1"/>
						<line number="16" hits="1"/>
						<line number="18" hits="1"/>
						<line number="19" hits="1"/>
						<line number="21" hits="1"/>
						<line number="23" hits="1"/>
						<line number="24" hits="1"/>
						<line number="26" hits="1"/>
						<line number="28" hits="1"/>
						<line number="32" hits="1"/>
						<line number="35" hits="1"/>
						<line number="36" hits="1"/>
						<line number="37" hits="1"/>
						<line number="38" hits="1"/>
						<line number="41" hits="1"/>
						<line number="42" hits="1"/>
						<line number="43" hits="1"/>
						<line number="45" hits="1" branch="true" condition-coverage="50% (1/2)" missing-branches="46"/>
						<line number="46" hits="0"/>
					</lines>
				</class>
				<class name="test_lookup_service.py" filename="tests/test_lookup_service.py" complexity="0" line-rate="0.9756" branch-rate="0.5">
					<methods/>
					<lines>
						<line number="2" hits="1"/>
						<line number="3" hits="1"/>
						<line number="5" hits="1"/>
						<line number="7" hits="1"/>
						<line number="9" hits="1"/>
						<line number="10" hits="1"/>
						<line number="12" hits="1"/>
						<line number="13" hits="1"/>
						<line number="14" hits="1"/>
						<line number="17" hits="1"/>
						<line number="18" hits="1"/>
						<line number="21" hits="1"/>
						<line number="22" hits="1"/>
						<line number="24" hits="1"/>
						<line number="25" hits="1"/>
						<line number="27" hits="1"/>
						<line number="28" hits="1"/>
						<line number="29" hits="1"/>
						<line number="32" hits="1"/>
						<line number="33" hits="1"/>
						<line number="36" hits="1"/>
						<line number="37" hits="1"/>
						<line number="39" hits="1"/>
						<line number="40" hits="1"/>
						<line number="41" hits="1"/>
						<line number="43" hits="1"/>
						<line number="44" hits="1"/>
						<line number="46" hits="1"/>
						<line number="47" hits="1"/>
						<line number="48" hits="1"/>
						<line number="50" hits="1"/>
						<line number="51" hits="1"/>
						<line number="53" hits="1"/>
						<line number="54" hits="1"/>
						<line number="55" hits="1"/>
						<line number="56" hits="1"/>
						<line number="58" hits="1"/>
						<line number="59" hits="1"/>
						<line number="60" hits="1"/>
						<line number="62" hits="1" branch="true" condition-coverage="50% (1/2)" missing-branches="63"/>
						<line number="63" hits="0"/>
					</lines>
				</class>
				<class name="test_research_commands.py" filename="tests/test_research_commands.py" complexity="0" line-rate="0.9643" branch-rate="0.5">
					<methods/>
					<lines>
						<line number="2" hits="1"/>
						<line number="3" hits="1"/>
						<line number="5" hits="1"/>
						<line number="7" hits="1"/>
						<line number="9" hits="1"/>
						<line number="11" hits="1"/>
						<line number="13" hits="1"/>
						<line number="14" hits="1"/>
						<line number="15" hits="1"/>
						<line number="17" hits="1"/>
						<line number="20" hits="1"/>
						<line number="21" hits="1"/>
						<line number="22" hits="1"/>
						<line number="23" hits="1"/>
						<line number="26" hits="1"/>
						<line number="27" hits="1"/>
						<line number="28" hits="1"/>
						<line number="31" hits="1"/>
						<line number="32" hits="1"/>
						<line number="33" hits="1"/>
						<line number="35" hits="1"/>
						<line number="36" hits="1"/>
						<line number="38" hits="1"/>
						<line number="41" hits="1"/>
						<line number="42" hits="1"/>
						<line number="43" hits="1"/>
						<line number="45" hits="1" branch="true" condition-coverage="50% (1/2)" missing-branches="46"/>
						<line number="46" hits="0"/>
					</lines>
				</class>
				<class name="test_shell_command.py" filename="tests/test_shell_command.py" complexity="0" line-rate="1" branch-rate="0.5">
					<methods/>
					<lines>
						<line number="1" hits="1"/>
						<line number="2" hits="1"/>
						<line number="3" hits="1"/>
						<line number="5" hits="1"/>
						<line number="8" hits="1"/>
						<line number="12" hits="1"/>
						<line number="13" hits="1"/>
						<line number="15" hits="1"/>
						<line number="17" hits="1"/>
						<line number="18" hits="1"/>
						<line number="20" hits="1"/>
						<line number="21" hits="1"/>
						<line number="25" hits="1"/>
						<line number="28" hits="1"/>
						<line number="29" hits="1"/>
						<line number="30" hits="1"/>
						<line number="32" hits="1"/>
						<line number="33" hits="1"/>
						<line number="35" hits="1"/>
						<line number="37" hits="1"/>
						<line number="38" hits="1"/>
						<line number="41" hits="1"/>
						<line number="43" hits="1"/>
						<line number="48" hits="1"/>
						<line number="54" hits="1"/>
						<line number="55" hits="1"/>
						<line number="56" hits="1" branch="true" condition-coverage="50% (1/2)" missing-branches="exit"/>
						<line number="58" hits="1"/>
						<line number="59" hits="1"/>
						<line number="60" hits="1" branch="true" condition-coverage="50% (1/2)" missing-branches="exit"/>
						<line number="61" hits="1"/>
						<line number="63" hits="1"/>
						<line number="64" hits="1"/>
						<line number="65" hits="1" branch="true" condition-coverage="50% (1/2)" missing-branches="exit"/>
						<line number="66" hits="1"/>
						<line number="67" hits="1" branch="true" condition-coverage="50% (1/2)" missing-branches="exit"/>
						<line number="68" hits="1"/>
						<line number="71" hits="1"/>
						<line number="75" hits="1"/>
						<line number="76" hits="1"/>
						<line number="79" hits="1"/>
						<line number="80" hits="1"/>
						<line number="83" hits="1"/>
						<line number="86" hits="1"/>
						<line number="91" hits="1"/>
						<line number="95" hits="1"/>
						<line number="96" hits="1"/>
						<line number="98" hits="1"/>
						<line number="100" hits="1"/>
						<line number="101" hits="1"/>
						<line number="102" hits="1"/>
						<line number="103" hits="1"/>
						<line number="106" hits="1"/>
						<line number="110" hits="1"/>
						<line number="112" hits="1"/>
						<line number="113" hits="1"/>
						<line number="114" hits="1"/>
						<line number="117" hits="1"/>
						<line number="121" hits="1"/>
						<line number="122" hits="1"/>
						<line number="124" hits="1"/>
						<line number="126" hits="1"/>
						<line number="129" hits="1"/>
						<line number="133" hits="1"/>
						<line number="134" hits="1"/>
						<line number="135" hits="1"/>
						<line number="137" hits="1"/>
						<line number="139" hits="1"/>
						<line number="140" hits="1"/>
					</lines>
				</class>
				<class name="test_update_command.py" filename="tests/test_update_command.py" complexity="0" line-rate="0.9643" branch-rate="0.5">
					<methods/>
					<lines>
						<line number="2" hits="1"/>
						<line number="3" hits="1"/>
						<line number="5" hits="1"/>
						<line number="7" hits="1"/>
						<line number="9" hits="1"/>
						<line number="11" hits="1"/>
						<line number="13" hits="1"/>
						<line number="14" hits="1"/>
						<line number="15" hits="1"/>
						<line number="16" hits="1"/>
						<line number="18" hits="1"/>
						<line number="19" hits="1"/>
						<line number="20" hits="1"/>
						<line number="25" hits="1"/>
						<line number="26" hits="1"/>
						<line number="27" hits="1"/>
						<line number="31" hits="1"/>
						<line number="34" hits="1"/>
						<line number="35" hits="1"/>
						<line number="36" hits="1"/>
						<line number="39" hits="1"/>
						<line number="42" hits="1"/>
						<line number="43" hits="1"/>
						<line number="44" hits="1"/>
						<line number="45" hits="1"/>
						<line number="46" hits="1"/>
						<line number="48" hits="1" branch="true" condition-coverage="50% (1/2)" missing-branches="49"/>
						<line number="49" hits="0"/>
					</lines>
				</class>
			</classes>
		</package>
		<package name="wafrunner_cli" line-rate="0.8462" branch-rate="0.5" complexity="0">
			<classes>
				<class name="main.py" filename="wafrunner_cli/main.py" complexity="0" line-rate="0.8462" branch-rate="0.5">
					<methods/>
					<lines>
						<line number="1" hits="1"/>
						<line number="4" hits="1"/>
						<line number="7" hits="1"/>
						<line number="15" hits="1"/>
						<line number="16" hits="1"/>
						<line number="17" hits="1"/>
						<line number="18" hits="1"/>
						<line number="21" hits="1"/>
						<line number="22" hits="1"/>
						<line number="24" hits="1"/>
						<line number="26" hits="0"/>
						<line number="28" hits="1" branch="true" condition-coverage="50% (1/2)" missing-branches="29"/>
						<line number="29" hits="0"/>
					</lines>
				</class>
			</classes>
		</package>
		<package name="wafrunner_cli.commands" line-rate="0.2726" branch-rate="0.1587" complexity="0">
			<classes>
				<class name="collection.py" filename="wafrunner_cli/commands/collection.py" complexity="0" line-rate="0.344" branch-rate="0.1905">
					<methods/>
					<lines>
						<line number="1" hits="1"/>
						<line number="2" hits="1"/>
						<line number="3" hits="1"/>
						<line number="4" hits="1"/>
						<line number="5" hits="1"/>
						<line number="6" hits="1"/>
						<line number="7" hits="1"/>
						<line number="8" hits="1"/>
						<line number="10" hits="1"/>
						<line number="13" hits="1"/>
						<line number="14" hits="1"/>
						<line number="16" hits="1"/>
						<line number="19" hits="1"/>
						<line number="24" hits="0" branch="true" condition-coverage="0% (0/2)" missing-branches="25,27"/>
						<line number="25" hits="0"/>
						<line number="27" hits="0" branch="true" condition-coverage="0% (0/2)" missing-branches="28,30"/>
						<line number="28" hits="0"/>
						<line number="30" hits="0" branch="true" condition-coverage="0% (0/2)" missing-branches="31,33"/>
						<line number="31" hits="0"/>
						<line number="33" hits="0" branch="true" condition-coverage="0% (0/2)" missing-branches="34,39"/>
						<line number="34" hits="0" branch="true" condition-coverage="0% (0/2)" missing-branches="35,36"/>
						<line number="35" hits="0"/>
						<line number="36" hits="0" branch="true" condition-coverage="0% (0/2)" missing-branches="33,37"/>
						<line number="37" hits="0"/>
						<line number="39" hits="0"/>
						<line number="43" hits="1"/>
						<line number="44" hits="1"/>
						<line number="48" hits="0"/>
						<line number="49" hits="0"/>
						<line number="51" hits="0" branch="true" condition-coverage="0% (0/2)" missing-branches="52,55"/>
						<line number="52" hits="0"/>
						<line number="53" hits="0"/>
						<line number="55" hits="0"/>
						<line number="56" hits="0"/>
						<line number="57" hits="0"/>
						<line number="58" hits="0"/>
						<line number="59" hits="0"/>
						<line number="61" hits="0" branch="true" condition-coverage="0% (0/2)" missing-branches="62,86"/>
						<line number="62" hits="0"/>
						<line number="63" hits="0"/>
						<line number="64" hits="0"/>
						<line number="65" hits="0"/>
						<line number="67" hits="0"/>
						<line number="69" hits="0" branch="true" condition-coverage="0% (0/2)" missing-branches="70,77"/>
						<line number="70" hits="0"/>
						<line number="77" hits="0"/>
						<line number="83" hits="0"/>
						<line number="84" hits="0"/>
						<line number="86" hits="0"/>
						<line number="89" hits="1"/>
						<line number="90" hits="1"/>
						<line number="92" hits="0"/>
						<line number="93" hits="0" branch="true" condition-coverage="0% (0/2)" missing-branches="94,97"/>
						<line number="94" hits="0"/>
						<line number="95" hits="0"/>
						<line number="97" hits="0"/>
						<line number="98" hits="0"/>
						<line number="100" hits="0"/>
						<line number="101" hits="0" branch="true" condition-coverage="0% (0/2)" missing-branches="102,106"/>
						<line number="102" hits="0"/>
						<line number="103" hits="0"/>
						<line number="104" hits="0"/>
						<line number="106" hits="0"/>
						<line number="107" hits="0"/>
						<line number="108" hits="0"/>
						<line number="110" hits="0"/>
						<line number="111" hits="0" branch="true" condition-coverage="0% (0/2)" missing-branches="112,115"/>
						<line number="112" hits="0"/>
						<line number="113" hits="0"/>
						<line number="115" hits="0"/>
						<line number="116" hits="0"/>
						<line number="117" hits="0" branch="true" condition-coverage="0% (0/2)" missing-branches="118,119"/>
						<line number="118" hits="0"/>
						<line number="119" hits="0"/>
						<line number="121" hits="0"/>
						<line number="122" hits="0"/>
						<line number="123" hits="0"/>
						<line number="126" hits="1"/>
						<line number="127" hits="1"/>
						<line number="129" hits="0"/>
						<line number="130" hits="0" branch="true" condition-coverage="0% (0/2)" missing-branches="131,134"/>
						<line number="131" hits="0"/>
						<line number="132" hits="0"/>
						<line number="134" hits="0" branch="true" condition-coverage="0% (0/2)" missing-branches="135,137"/>
						<line number="135" hits="0"/>
						<line number="137" hits="0"/>
						<line number="138" hits="0"/>
						<line number="139" hits="0"/>
						<line number="140" hits="0"/>
						<line number="141" hits="0"/>
						<line number="142" hits="0"/>
						<line number="145" hits="1"/>
						<line number="146" hits="1"/>
						<line number="152" hits="1" branch="true" condition-coverage="50% (1/2)" missing-branches="153"/>
						<line number="153" hits="0"/>
						<line number="154" hits="0"/>
						<line number="156" hits="1"/>
						<line number="157" hits="1" branch="true" condition-coverage="50% (1/2)" missing-branches="158"/>
						<line number="158" hits="0"/>
						<line number="159" hits="0"/>
						<line number="161" hits="1"/>
						<line number="162" hits="1" branch="true" condition-coverage="100% (2/2)"/>
						<line number="163" hits="1" branch="true" condition-coverage="50% (1/2)" missing-branches="164"/>
						<line number="164" hits="0"/>
						<line number="165" hits="0"/>
						<line number="166" hits="1"/>
						<line number="168" hits="1"/>
						<line number="170" hits="1"/>
						<line number="171" hits="1"/>
						<line number="172" hits="1" branch="true" condition-coverage="100% (2/2)"/>
						<line number="173" hits="1"/>
						<line number="174" hits="1" branch="true" condition-coverage="50% (1/2)" missing-branches="177"/>
						<line number="175" hits="1"/>
						<line number="177" hits="0"/>
						<line number="179" hits="1"/>
						<line number="180" hits="1"/>
						<line number="187" hits="1"/>
						<line number="188" hits="1"/>
						<line number="189" hits="1"/>
						<line number="190" hits="1"/>
						<line number="191" hits="1"/>
						<line number="192" hits="1"/>
						<line number="193" hits="0"/>
						<line number="194" hits="0"/>
						<line number="195" hits="0"/>
					</lines>
				</class>
				<class name="configure.py" filename="wafrunner_cli/commands/configure.py" complexity="0" line-rate="0.3077" branch-rate="1">
					<methods/>
					<lines>
						<line number="1" hits="1"/>
						<line number="2" hits="1"/>
						<line number="4" hits="1"/>
						<line number="7" hits="1"/>
						<line number="11" hits="0"/>
						<line number="12" hits="0"/>
						<line number="14" hits="0"/>
						<line number="15" hits="0"/>
						<line number="16" hits="0"/>
						<line number="17" hits="0"/>
						<line number="18" hits="0"/>
						<line number="19" hits="0"/>
						<line number="20" hits="0"/>
					</lines>
				</class>
				<class name="data.py" filename="wafrunner_cli/commands/data.py" complexity="0" line-rate="0.26" branch-rate="0">
					<methods/>
					<lines>
						<line number="1" hits="1"/>
						<line number="2" hits="1"/>
						<line number="3" hits="1"/>
						<line number="4" hits="1"/>
						<line number="5" hits="1"/>
						<line number="6" hits="1"/>
						<line number="8" hits="1"/>
						<line number="9" hits="1"/>
						<line number="11" hits="1"/>
						<line number="14" hits="1"/>
						<line number="15" hits="1"/>
						<line number="32" hits="0" branch="true" condition-coverage="0% (0/2)" missing-branches="33,36"/>
						<line number="33" hits="0"/>
						<line number="34" hits="0"/>
						<line number="36" hits="0"/>
						<line number="37" hits="0"/>
						<line number="38" hits="0"/>
						<line number="39" hits="0"/>
						<line number="41" hits="0" branch="true" condition-coverage="0% (0/2)" missing-branches="42,45"/>
						<line number="42" hits="0"/>
						<line number="43" hits="0"/>
						<line number="45" hits="0"/>
						<line number="46" hits="0"/>
						<line number="48" hits="0"/>
						<line number="50" hits="0"/>
						<line number="52" hits="0" branch="true" condition-coverage="0% (0/2)" missing-branches="53,63"/>
						<line number="53" hits="0"/>
						<line number="54" hits="0"/>
						<line number="55" hits="0"/>
						<line number="56" hits="0"/>
						<line number="57" hits="0"/>
						<line number="58" hits="0"/>
						<line number="59" hits="0"/>
						<line number="60" hits="0"/>
						<line number="61" hits="0"/>
						<line number="63" hits="0"/>
						<line number="64" hits="0"/>
						<line number="66" hits="0"/>
						<line number="67" hits="0"/>
						<line number="68" hits="0" branch="true" condition-coverage="0% (0/2)" missing-branches="69,73"/>
						<line number="69" hits="0"/>
						<line number="73" hits="0"/>
						<line number="74" hits="0"/>
						<line number="76" hits="0"/>
						<line number="79" hits="1"/>
						<line number="80" hits="1"/>
						<line number="97" hits="0" branch="true" condition-coverage="0% (0/2)" missing-branches="98,101"/>
						<line number="98" hits="0"/>
						<line number="99" hits="0"/>
						<line number="101" hits="0"/>
					</lines>
				</class>
				<class name="research.py" filename="wafrunner_cli/commands/research.py" complexity="0" line-rate="0.159" branch-rate="0.0989">
					<methods/>
					<lines>
						<line number="1" hits="1"/>
						<line number="2" hits="1"/>
						<line number="3" hits="1"/>
						<line number="4" hits="1"/>
						<line number="5" hits="1"/>
						<line number="6" hits="1"/>
						<line number="7" hits="1"/>
						<line number="8" hits="1"/>
						<line number="10" hits="1"/>
						<line number="11" hits="1"/>
						<line number="12" hits="1"/>
						<line number="13" hits="1"/>
						<line number="21" hits="1"/>
						<line number="23" hits="1"/>
						<line number="24" hits="1"/>
						<line number="25" hits="1"/>
						<line number="28" hits="1"/>
						<line number="29" hits="1"/>
						<line number="30" hits="1"/>
						<line number="31" hits="1"/>
						<line number="33" hits="1"/>
						<line number="34" hits="0"/>
						<line number="37" hits="1"/>
						<line number="44" hits="0"/>
						<line number="45" hits="0"/>
						<line number="46" hits="0"/>
						<line number="47" hits="0"/>
						<line number="48" hits="0"/>
						<line number="50" hits="0"/>
						<line number="52" hits="0" branch="true" condition-coverage="0% (0/2)" missing-branches="53,67"/>
						<line number="53" hits="0"/>
						<line number="54" hits="0"/>
						<line number="55" hits="0"/>
						<line number="56" hits="0"/>
						<line number="57" hits="0"/>
						<line number="58" hits="0" branch="true" condition-coverage="0% (0/2)" missing-branches="59,86"/>
						<line number="59" hits="0" branch="true" condition-coverage="0% (0/2)" missing-branches="58,60"/>
						<line number="60" hits="0"/>
						<line number="64" hits="0"/>
						<line number="65" hits="0"/>
						<line number="66" hits="0"/>
						<line number="67" hits="0" branch="true" condition-coverage="0% (0/2)" missing-branches="68,83"/>
						<line number="68" hits="0"/>
						<line number="69" hits="0"/>
						<line number="70" hits="0"/>
						<line number="71" hits="0" branch="true" condition-coverage="0% (0/2)" missing-branches="72,86"/>
						<line number="72" hits="0"/>
						<line number="73" hits="0" branch="true" condition-coverage="0% (0/2)" missing-branches="71,74"/>
						<line number="74" hits="0"/>
						<line number="75" hits="0" branch="true" condition-coverage="0% (0/2)" missing-branches="76,78"/>
						<line number="76" hits="0"/>
						<line number="78" hits="0"/>
						<line number="79" hits="0"/>
						<line number="80" hits="0"/>
						<line number="81" hits="0"/>
						<line number="83" hits="0"/>
						<line number="84" hits="0"/>
						<line number="86" hits="0" branch="true" condition-coverage="0% (0/2)" missing-branches="87,90"/>
						<line number="87" hits="0"/>
						<line number="88" hits="0"/>
						<line number="90" hits="0"/>
						<line number="92" hits="1"/>
						<line number="94" hits="1"/>
						<line number="95" hits="1"/>
						<line number="96" hits="1" branch="true" condition-coverage="100% (2/2)"/>
						<line number="97" hits="1"/>
						<line number="98" hits="1"/>
						<line number="99" hits="1"/>
						<line number="101" hits="1"/>
						<line number="107" hits="1"/>
						<line number="108" hits="1"/>
						<line number="115" hits="1"/>
						<line number="116" hits="1" branch="true" condition-coverage="50% (1/2)" missing-branches="117"/>
						<line number="117" hits="0"/>
						<line number="118" hits="0"/>
						<line number="119" hits="1" branch="true" condition-coverage="50% (1/2)" missing-branches="120"/>
						<line number="120" hits="0"/>
						<line number="121" hits="0"/>
						<line number="123" hits="1"/>
						<line number="124" hits="1"/>
						<line number="125" hits="1"/>
						<line number="127" hits="1" branch="true" condition-coverage="50% (1/2)" missing-branches="131"/>
						<line number="128" hits="1"/>
						<line number="129" hits="1"/>
						<line number="131" hits="0"/>
						<line number="132" hits="0"/>
						<line number="134" hits="1" branch="true" condition-coverage="50% (1/2)" missing-branches="135"/>
						<line number="135" hits="0"/>
						<line number="136" hits="0"/>
						<line number="138" hits="1"/>
						<line number="139" hits="1" branch="true" condition-coverage="50% (1/2)" missing-branches="140"/>
						<line number="140" hits="0"/>
						<line number="142" hits="1"/>
						<line number="143" hits="1"/>
						<line number="144" hits="1"/>
						<line number="146" hits="1"/>
						<line number="148" hits="1"/>
						<line number="149" hits="1"/>
						<line number="150" hits="0"/>
						<line number="151" hits="0"/>
						<line number="152" hits="0"/>
						<line number="153" hits="0"/>
						<line number="154" hits="0"/>
						<line number="155" hits="0"/>
						<line number="157" hits="1" branch="true" condition-coverage="50% (1/2)" missing-branches="158"/>
						<line number="158" hits="0"/>
						<line number="159" hits="0"/>
						<line number="160" hits="0"/>
						<line number="162" hits="1"/>
						<line number="163" hits="1"/>
						<line number="164" hits="0"/>
						<line number="165" hits="0"/>
						<line number="166" hits="0"/>
						<line number="167" hits="0"/>
						<line number="169" hits="1" branch="true" condition-coverage="50% (1/2)" missing-branches="181"/>
						<line number="170" hits="1"/>
						<line number="171" hits="1"/>
						<line number="172" hits="1" branch="true" condition-coverage="50% (1/2)" missing-branches="177"/>
						<line number="173" hits="1" branch="true" condition-coverage="50% (1/2)" missing-branches="174"/>
						<line number="174" hits="0" branch="true" condition-coverage="0% (0/2)" missing-branches="173,175"/>
						<line number="175" hits="0"/>
						<line number="176" hits="0"/>
						<line number="177" hits="1" branch="true" condition-coverage="50% (1/2)" missing-branches="178"/>
						<line number="178" hits="0"/>
						<line number="179" hits="0"/>
						<line number="181" hits="1"/>
						<line number="182" hits="1"/>
						<line number="186" hits="0"/>
						<line number="187" hits="0"/>
						<line number="188" hits="0"/>
						<line number="189" hits="0"/>
						<line number="191" hits="1" branch="true" condition-coverage="50% (1/2)" missing-branches="192"/>
						<line number="192" hits="0"/>
						<line number="193" hits="0"/>
						<line number="195" hits="1"/>
						<line number="197" hits="1"/>
						<line number="204" hits="1"/>
						<line number="206" hits="1" branch="true" condition-coverage="50% (1/2)" missing-branches="213"/>
						<line number="207" hits="1" branch="true" condition-coverage="100% (2/2)"/>
						<line number="208" hits="1"/>
						<line number="209" hits="1" branch="true" condition-coverage="50% (1/2)" missing-branches="211"/>
						<line number="210" hits="1"/>
						<line number="211" hits="1"/>
						<line number="213" hits="0"/>
						<line number="214" hits="0"/>
						<line number="215" hits="0" branch="true" condition-coverage="0% (0/2)" missing-branches="217,221"/>
						<line number="217" hits="0" branch="true" condition-coverage="0% (0/2)" missing-branches="218,219"/>
						<line number="218" hits="0"/>
						<line number="219" hits="0"/>
						<line number="221" hits="1"/>
						<line number="222" hits="1"/>
						<line number="224" hits="1"/>
						<line number="225" hits="0"/>
						<line number="226" hits="0"/>
						<line number="227" hits="1"/>
						<line number="228" hits="0"/>
						<line number="229" hits="0"/>
						<line number="230" hits="1"/>
						<line number="231" hits="1"/>
						<line number="232" hits="1"/>
						<line number="235" hits="1"/>
						<line number="236" hits="1"/>
						<line number="241" hits="0"/>
						<line number="242" hits="0" branch="true" condition-coverage="0% (0/2)" missing-branches="243,245"/>
						<line number="243" hits="0"/>
						<line number="244" hits="0"/>
						<line number="245" hits="0" branch="true" condition-coverage="0% (0/2)" missing-branches="246,249"/>
						<line number="246" hits="0"/>
						<line number="247" hits="0"/>
						<line number="249" hits="0"/>
						<line number="250" hits="0"/>
						<line number="251" hits="0"/>
						<line number="253" hits="0" branch="true" condition-coverage="0% (0/2)" missing-branches="254,257"/>
						<line number="254" hits="0"/>
						<line number="255" hits="0"/>
						<line number="257" hits="0"/>
						<line number="258" hits="0"/>
						<line number="260" hits="0" branch="true" condition-coverage="0% (0/2)" missing-branches="261,264"/>
						<line number="261" hits="0"/>
						<line number="262" hits="0"/>
						<line number="264" hits="0"/>
						<line number="266" hits="0"/>
						<line number="273" hits="0"/>
						<line number="275" hits="0" branch="true" condition-coverage="0% (0/2)" missing-branches="276,337"/>
						<line number="276" hits="0"/>
						<line number="279" hits="0"/>
						<line number="280" hits="0"/>
						<line number="281" hits="0"/>
						<line number="282" hits="0"/>
						<line number="283" hits="0"/>
						<line number="284" hits="0"/>
						<line number="285" hits="0"/>
						<line number="286" hits="0"/>
						<line number="288" hits="0" branch="true" condition-coverage="0% (0/2)" missing-branches="289,293"/>
						<line number="289" hits="0"/>
						<line number="290" hits="0"/>
						<line number="291" hits="0"/>
						<line number="293" hits="0"/>
						<line number="294" hits="0"/>
						<line number="295" hits="0"/>
						<line number="296" hits="0"/>
						<line number="297" hits="0"/>
						<line number="298" hits="0"/>
						<line number="300" hits="0"/>
						<line number="301" hits="0"/>
						<line number="302" hits="0" branch="true" condition-coverage="0% (0/2)" missing-branches="303,334"/>
						<line number="303" hits="0" branch="true" condition-coverage="0% (0/2)" missing-branches="304,307"/>
						<line number="304" hits="0"/>
						<line number="305" hits="0"/>
						<line number="307" hits="0"/>
						<line number="308" hits="0"/>
						<line number="310" hits="0" branch="true" condition-coverage="0% (0/2)" missing-branches="311,315"/>
						<line number="311" hits="0"/>
						<line number="312" hits="0"/>
						<line number="313" hits="0"/>
						<line number="315" hits="0" branch="true" condition-coverage="0% (0/2)" missing-branches="316,320"/>
						<line number="316" hits="0"/>
						<line number="317" hits="0"/>
						<line number="320" hits="0"/>
						<line number="321" hits="0"/>
						<line number="325" hits="0"/>
						<line number="326" hits="0"/>
						<line number="327" hits="0"/>
						<line number="329" hits="0" branch="true" condition-coverage="0% (0/2)" missing-branches="330,332"/>
						<line number="330" hits="0"/>
						<line number="332" hits="0"/>
						<line number="334" hits="0"/>
						<line number="335" hits="0"/>
						<line number="337" hits="0"/>
						<line number="339" hits="0"/>
						<line number="340" hits="0"/>
						<line number="341" hits="0"/>
						<line number="342" hits="0"/>
						<line number="343" hits="0"/>
						<line number="344" hits="0"/>
						<line number="345" hits="0"/>
						<line number="346" hits="0"/>
						<line number="347" hits="0"/>
						<line number="349" hits="1"/>
						<line number="350" hits="1"/>
						<line number="364" hits="0"/>
						<line number="365" hits="0" branch="true" condition-coverage="0% (0/2)" missing-branches="366,368"/>
						<line number="366" hits="0"/>
						<line number="367" hits="0"/>
						<line number="368" hits="0" branch="true" condition-coverage="0% (0/2)" missing-branches="369,371"/>
						<line number="369" hits="0"/>
						<line number="370" hits="0"/>
						<line number="371" hits="0" branch="true" condition-coverage="0% (0/2)" missing-branches="372,375"/>
						<line number="372" hits="0"/>
						<line number="373" hits="0"/>
						<line number="375" hits="0"/>
						<line number="376" hits="0"/>
						<line number="377" hits="0"/>
						<line number="379" hits="0" branch="true" condition-coverage="0% (0/2)" missing-branches="380,383"/>
						<line number="380" hits="0"/>
						<line number="381" hits="0"/>
						<line number="383" hits="0"/>
						<line number="384" hits="0"/>
						<line number="386" hits="0" branch="true" condition-coverage="0% (0/2)" missing-branches="387,390"/>
						<line number="387" hits="0"/>
						<line number="388" hits="0"/>
						<line number="390" hits="0"/>
						<line number="391" hits="0"/>
						<line number="392" hits="0" branch="true" condition-coverage="0% (0/2)" missing-branches="393,394"/>
						<line number="393" hits="0"/>
						<line number="394" hits="0"/>
						<line number="396" hits="0"/>
						<line number="397" hits="0"/>
						<line number="398" hits="0"/>
						<line number="399" hits="0"/>
						<line number="402" hits="0"/>
						<line number="403" hits="0"/>
						<line number="416" hits="0"/>
						<line number="418" hits="0"/>
						<line number="419" hits="0" branch="true" condition-coverage="0% (0/2)" missing-branches="420,422"/>
						<line number="420" hits="0"/>
						<line number="421" hits="0"/>
						<line number="422" hits="0"/>
						<line number="423" hits="0"/>
						<line number="424" hits="0"/>
						<line number="425" hits="0"/>
						<line number="426" hits="0"/>
						<line number="427" hits="0"/>
						<line number="428" hits="0"/>
						<line number="429" hits="0"/>
						<line number="431" hits="0" branch="true" condition-coverage="0% (0/2)" missing-branches="432,435"/>
						<line number="432" hits="0"/>
						<line number="433" hits="0"/>
						<line number="435" hits="0"/>
						<line number="437" hits="0" branch="true" condition-coverage="0% (0/2)" missing-branches="438,477"/>
						<line number="438" hits="0"/>
						<line number="439" hits="0" branch="true" condition-coverage="0% (0/2)" missing-branches="440,443"/>
						<line number="440" hits="0"/>
						<line number="441" hits="0"/>
						<line number="443" hits="0"/>
						<line number="444" hits="0" branch="true" condition-coverage="0% (0/2)" missing-branches="445,448"/>
						<line number="445" hits="0"/>
						<line number="446" hits="0"/>
						<line number="448" hits="0"/>
						<line number="449" hits="0"/>
						<line number="450" hits="0" branch="true" condition-coverage="0% (0/2)" missing-branches="451,453"/>
						<line number="451" hits="0" branch="true" condition-coverage="0% (0/2)" missing-branches="452,457"/>
						<line number="452" hits="0"/>
						<line number="453" hits="0" branch="true" condition-coverage="0% (0/2)" missing-branches="454,457"/>
						<line number="454" hits="0" branch="true" condition-coverage="0% (0/2)" missing-branches="455,457"/>
						<line number="455" hits="0"/>
						<line number="457" hits="0" branch="true" condition-coverage="0% (0/2)" missing-branches="458,462"/>
						<line number="458" hits="0"/>
						<line number="459" hits="0"/>
						<line number="462" hits="0"/>
						<line number="463" hits="0"/>
						<line number="467" hits="0" branch="true" condition-coverage="0% (0/2)" missing-branches="468,470"/>
						<line number="468" hits="0"/>
						<line number="470" hits="0"/>
						<line number="471" hits="0" branch="true" condition-coverage="0% (0/2)" missing-branches="437,472"/>
						<line number="472" hits="0"/>
						<line number="473" hits="0"/>
						<line number="474" hits="0"/>
						<line number="475" hits="0" branch="true" condition-coverage="0% (0/2)" missing-branches="437,476"/>
						<line number="476" hits="0"/>
						<line number="477" hits="0"/>
						<line number="480" hits="0"/>
						<line number="481" hits="0"/>
						<line number="482" hits="0"/>
						<line number="483" hits="0"/>
						<line number="484" hits="0"/>
						<line number="485" hits="0"/>
						<line number="486" hits="0"/>
						<line number="487" hits="0"/>
						<line number="489" hits="0"/>
						<line number="490" hits="0"/>
						<line number="501" hits="0"/>
						<line number="504" hits="0"/>
						<line number="505" hits="0"/>
						<line number="509" hits="0" branch="true" condition-coverage="0% (0/2)" missing-branches="510,528"/>
						<line number="510" hits="0"/>
						<line number="511" hits="0"/>
						<line number="512" hits="0"/>
						<line number="513" hits="0"/>
						<line number="514" hits="0"/>
						<line number="515" hits="0"/>
						<line number="516" hits="0"/>
						<line number="517" hits="0"/>
						<line number="518" hits="0"/>
						<line number="519" hits="0"/>
						<line number="520" hits="0"/>
						<line number="521" hits="0"/>
						<line number="522" hits="0" branch="true" condition-coverage="0% (0/2)" missing-branches="523,524"/>
						<line number="523" hits="0"/>
						<line number="524" hits="0"/>
						<line number="525" hits="0"/>
						<line number="526" hits="0"/>
						<line number="528" hits="0"/>
						<line number="529" hits="0"/>
						<line number="530" hits="0"/>
						<line number="531" hits="0"/>
						<line number="532" hits="0"/>
						<line number="533" hits="0"/>
						<line number="534" hits="0"/>
						<line number="535" hits="0"/>
						<line number="536" hits="0"/>
						<line number="537" hits="0"/>
						<line number="538" hits="0"/>
						<line number="541" hits="0"/>
						<line number="542" hits="0"/>
						<line number="543" hits="0"/>
						<line number="562" hits="0"/>
						<line number="563" hits="0"/>
						<line number="564" hits="0"/>
						<line number="565" hits="0"/>
						<line number="566" hits="0"/>
						<line number="567" hits="0"/>
						<line number="569" hits="0" branch="true" condition-coverage="0% (0/2)" missing-branches="exit,570"/>
						<line number="570" hits="0"/>
						<line number="572" hits="0"/>
						<line number="573" hits="0"/>
						<line number="574" hits="0"/>
						<line number="576" hits="1"/>
						<line number="577" hits="1"/>
						<line number="589" hits="0"/>
						<line number="590" hits="0" branch="true" condition-coverage="0% (0/2)" missing-branches="591,593"/>
						<line number="591" hits="0"/>
						<line number="592" hits="0"/>
						<line number="593" hits="0" branch="true" condition-coverage="0% (0/2)" missing-branches="594,597"/>
						<line number="594" hits="0"/>
						<line number="595" hits="0"/>
						<line number="597" hits="0"/>
						<line number="598" hits="0"/>
						<line number="599" hits="0"/>
						<line number="600" hits="0" branch="true" condition-coverage="0% (0/2)" missing-branches="601,604"/>
						<line number="601" hits="0"/>
						<line number="602" hits="0"/>
						<line number="604" hits="0"/>
						<line number="605" hits="0"/>
						<line number="607" hits="0" branch="true" condition-coverage="0% (0/2)" missing-branches="608,611"/>
						<line number="608" hits="0"/>
						<line number="609" hits="0"/>
						<line number="611" hits="0"/>
						<line number="612" hits="0" branch="true" condition-coverage="0% (0/2)" missing-branches="613,614"/>
						<line number="613" hits="0"/>
						<line number="614" hits="0"/>
						<line number="616" hits="0"/>
						<line number="617" hits="0"/>
						<line number="618" hits="0"/>
						<line number="620" hits="0"/>
						<line number="621" hits="0"/>
						<line number="627" hits="0"/>
						<line number="629" hits="0"/>
						<line number="632" hits="0"/>
						<line number="633" hits="0" branch="true" condition-coverage="0% (0/2)" missing-branches="634,636"/>
						<line number="634" hits="0"/>
						<line number="636" hits="0"/>
						<line number="637" hits="0"/>
						<line number="638" hits="0" branch="true" condition-coverage="0% (0/2)" missing-branches="639,647"/>
						<line number="639" hits="0"/>
						<line number="640" hits="0"/>
						<line number="641" hits="0" branch="true" condition-coverage="0% (0/2)" missing-branches="642,643"/>
						<line number="642" hits="0"/>
						<line number="643" hits="0"/>
						<line number="644" hits="0"/>
						<line number="645" hits="0" branch="true" condition-coverage="0% (0/2)" missing-branches="646,647"/>
						<line number="646" hits="0"/>
						<line number="647" hits="0"/>
						<line number="649" hits="0"/>
						<line number="650" hits="0"/>
						<line number="651" hits="0"/>
						<line number="652" hits="0"/>
						<line number="654" hits="0"/>
						<line number="655" hits="0"/>
						<line number="666" hits="0"/>
						<line number="669" hits="0"/>
						<line number="670" hits="0"/>
						<line number="674" hits="0" branch="true" condition-coverage="0% (0/2)" missing-branches="675,691"/>
						<line number="675" hits="0"/>
						<line number="676" hits="0"/>
						<line number="677" hits="0"/>
						<line number="678" hits="0"/>
						<line number="679" hits="0"/>
						<line number="680" hits="0" branch="true" condition-coverage="0% (0/2)" missing-branches="681,683"/>
						<line number="681" hits="0"/>
						<line number="683" hits="0"/>
						<line number="684" hits="0"/>
						<line number="685" hits="0" branch="true" condition-coverage="0% (0/2)" missing-branches="686,687"/>
						<line number="686" hits="0"/>
						<line number="687" hits="0"/>
						<line number="688" hits="0"/>
						<line number="689" hits="0"/>
						<line number="691" hits="0"/>
						<line number="692" hits="0"/>
						<line number="693" hits="0"/>
						<line number="695" hits="0"/>
						<line number="696" hits="0"/>
						<line number="697" hits="0"/>
						<line number="698" hits="0"/>
						<line number="699" hits="0"/>
						<line number="702" hits="0"/>
						<line number="703" hits="0"/>
						<line number="704" hits="0"/>
						<line number="719" hits="0"/>
						<line number="720" hits="0"/>
						<line number="721" hits="0"/>
						<line number="722" hits="0"/>
						<line number="723" hits="0"/>
						<line number="724" hits="0"/>
						<line number="726" hits="0" branch="true" condition-coverage="0% (0/2)" missing-branches="exit,727"/>
						<line number="727" hits="0"/>
						<line number="729" hits="0"/>
						<line number="730" hits="0"/>
						<line number="731" hits="0"/>
						<line number="734" hits="1"/>
						<line number="735" hits="1"/>
						<line number="742" hits="0"/>
						<line number="743" hits="0" branch="true" condition-coverage="0% (0/2)" missing-branches="744,746"/>
						<line number="744" hits="0"/>
						<line number="745" hits="0"/>
						<line number="746" hits="0" branch="true" condition-coverage="0% (0/2)" missing-branches="747,750"/>
						<line number="747" hits="0"/>
						<line number="748" hits="0"/>
						<line number="750" hits="0"/>
						<line number="751" hits="0"/>
						<line number="752" hits="0"/>
						<line number="754" hits="0" branch="true" condition-coverage="0% (0/2)" missing-branches="755,762"/>
						<line number="755" hits="0"/>
						<line number="756" hits="0" branch="true" condition-coverage="0% (0/2)" missing-branches="757,759"/>
						<line number="757" hits="0"/>
						<line number="759" hits="0"/>
						<line number="760" hits="0"/>
						<line number="762" hits="0"/>
						<line number="764" hits="0" branch="true" condition-coverage="0% (0/2)" missing-branches="exit,765"/>
						<line number="765" hits="0"/>
						<line number="766" hits="0"/>
						<line number="768" hits="0"/>
						<line number="770" hits="0" branch="true" condition-coverage="0% (0/2)" missing-branches="771,776"/>
						<line number="771" hits="0"/>
						<line number="772" hits="0"/>
						<line number="773" hits="0"/>
						<line number="776" hits="0"/>
						<line number="778" hits="0" branch="true" condition-coverage="0% (0/2)" missing-branches="779,782"/>
						<line number="779" hits="0"/>
						<line number="780" hits="0"/>
						<line number="782" hits="0"/>
						<line number="783" hits="0"/>
						<line number="785" hits="0" branch="true" condition-coverage="0% (0/2)" missing-branches="786,790"/>
						<line number="786" hits="0"/>
						<line number="787" hits="0"/>
						<line number="790" hits="0"/>
						<line number="792" hits="0"/>
						<line number="793" hits="0"/>
						<line number="794" hits="0"/>
						<line number="795" hits="0"/>
						<line number="797" hits="0" branch="true" condition-coverage="0% (0/2)" missing-branches="798,831"/>
						<line number="798" hits="0"/>
						<line number="799" hits="0"/>
						<line number="800" hits="0"/>
						<line number="801" hits="0"/>
						<line number="802" hits="0"/>
						<line number="804" hits="0"/>
						<line number="805" hits="0" branch="true" condition-coverage="0% (0/2)" missing-branches="806,807"/>
						<line number="806" hits="0"/>
						<line number="807" hits="0" branch="true" condition-coverage="0% (0/2)" missing-branches="808,809"/>
						<line number="808" hits="0"/>
						<line number="809" hits="0" branch="true" condition-coverage="0% (0/2)" missing-branches="810,811"/>
						<line number="810" hits="0"/>
						<line number="811" hits="0" branch="true" condition-coverage="0% (0/2)" missing-branches="812,821"/>
						<line number="812" hits="0" branch="true" condition-coverage="0% (0/2)" missing-branches="813,814"/>
						<line number="813" hits="0"/>
						<line number="814" hits="0" branch="true" condition-coverage="0% (0/2)" missing-branches="815,816"/>
						<line number="815" hits="0"/>
						<line number="816" hits="0" branch="true" condition-coverage="0% (0/2)" missing-branches="817,819"/>
						<line number="817" hits="0"/>
						<line number="819" hits="0"/>
						<line number="821" hits="0"/>
						<line number="822" hits="0" branch="true" condition-coverage="0% (0/2)" missing-branches="823,825"/>
						<line number="823" hits="0"/>
						<line number="825" hits="0"/>
						<line number="831" hits="0"/>
						<line number="833" hits="0"/>
						<line number="834" hits="0" branch="true" condition-coverage="0% (0/2)" missing-branches="835,837"/>
						<line number="835" hits="0"/>
						<line number="837" hits="0"/>
						<line number="838" hits="0"/>
						<line number="839" hits="0"/>
						<line number="841" hits="0"/>
						<line number="842" hits="0"/>
						<line number="843" hits="0"/>
						<line number="845" hits="1" branch="true" condition-coverage="50% (1/2)" missing-branches="846"/>
						<line number="846" hits="0"/>
					</lines>
				</class>
				<class name="shell.py" filename="wafrunner_cli/commands/shell.py" complexity="0" line-rate="0.92" branch-rate="0.8125">
					<methods/>
					<lines>
						<line number="1" hits="1"/>
						<line number="2" hits="1"/>
						<line number="3" hits="1"/>
						<line number="4" hits="1"/>
						<line number="5" hits="1"/>
						<line number="6" hits="1"/>
						<line number="7" hits="1"/>
						<line number="8" hits="1"/>
						<line number="9" hits="1"/>
						<line number="10" hits="1"/>
						<line number="17" hits="1"/>
						<line number="19" hits="1"/>
						<line number="22" hits="1" branch="true" condition-coverage="100% (2/2)"/>
						<line number="23" hits="1"/>
						<line number="26" hits="1" branch="true" condition-coverage="100% (2/2)"/>
						<line number="27" hits="1" branch="true" condition-coverage="100% (2/2)"/>
						<line number="28" hits="1"/>
						<line number="29" hits="1" branch="true" condition-coverage="50% (1/2)" missing-branches="30"/>
						<line number="30" hits="0"/>
						<line number="32" hits="1"/>
						<line number="33" hits="1"/>
						<line number="34" hits="1" branch="true" condition-coverage="100% (2/2)"/>
						<line number="35" hits="1"/>
						<line number="36" hits="1" branch="true" condition-coverage="50% (1/2)" missing-branches="34"/>
						<line number="37" hits="1"/>
						<line number="40" hits="1"/>
						<line number="42" hits="1"/>
						<line number="45" hits="1"/>
						<line number="50" hits="1"/>
						<line number="52" hits="1"/>
						<line number="53" hits="1"/>
						<line number="55" hits="1"/>
						<line number="56" hits="1"/>
						<line number="58" hits="1"/>
						<line number="59" hits="1"/>
						<line number="60" hits="1"/>
						<line number="66" hits="1"/>
						<line number="67" hits="1"/>
						<line number="68" hits="1"/>
						<line number="69" hits="1" branch="true" condition-coverage="100% (2/2)"/>
						<line number="70" hits="1"/>
						<line number="71" hits="1" branch="true" condition-coverage="50% (1/2)" missing-branches="72"/>
						<line number="72" hits="0"/>
						<line number="74" hits="1"/>
						<line number="75" hits="1"/>
						<line number="76" hits="1"/>
						<line number="78" hits="1"/>
						<line number="79" hits="0"/>
						<line number="80" hits="0"/>
						<line number="82" hits="1"/>
					</lines>
				</class>
				<class name="update.py" filename="wafrunner_cli/commands/update.py" complexity="0" line-rate="0.75" branch-rate="0.5">
					<methods/>
					<lines>
						<line number="2" hits="1"/>
						<line number="3" hits="1"/>
						<line number="4" hits="1"/>
						<line number="5" hits="1"/>
						<line number="7" hits="1"/>
						<line number="8" hits="1"/>
						<line number="10" hits="1"/>
						<line number="16" hits="1"/>
						<line number="17" hits="1"/>
						<line number="21" hits="1"/>
						<line number="22" hits="1"/>
						<line number="23" hits="1"/>
						<line number="24" hits="1"/>
						<line number="25" hits="1"/>
						<line number="26" hits="1"/>
						<line number="27" hits="1"/>
						<line number="29" hits="1" branch="true" condition-coverage="50% (1/2)" missing-branches="30"/>
						<line number="30" hits="0"/>
						<line number="31" hits="0"/>
						<line number="33" hits="1"/>
						<line number="34" hits="1"/>
						<line number="35" hits="1"/>
						<line number="36" hits="1"/>
						<line number="38" hits="1"/>
						<line number="39" hits="1"/>
						<line number="42" hits="1"/>
						<line number="43" hits="1"/>
						<line number="45" hits="1"/>
						<line number="48" hits="1"/>
						<line number="53" hits="1"/>
						<line number="56" hits="1"/>
						<line number="57" hits="1"/>
						<line number="58" hits="1"/>
						<line number="60" hits="1"/>
						<line number="61" hits="1"/>
						<line number="63" hits="0"/>
						<line number="64" hits="0"/>
						<line number="65" hits="0"/>
						<line number="66" hits="0"/>
						<line number="67" hits="0"/>
						<line number="68" hits="0"/>
						<line number="69" hits="0"/>
						<line number="70" hits="0"/>
						<line number="71" hits="0"/>
					</lines>
				</class>
			</classes>
		</package>
		<package name="wafrunner_cli.core" line-rate="0.8344" branch-rate="0.7059" complexity="0">
			<classes>
				<class name="__init__.py" filename="wafrunner_cli/core/__init__.py" complexity="0" line-rate="1" branch-rate="1">
					<methods/>
					<lines/>
				</class>
				<class name="api_client.py" filename="wafrunner_cli/core/api_client.py" complexity="0" line-rate="0.6875" branch-rate="0.5556">
					<methods/>
					<lines>
						<line number="1" hits="1"/>
						<line number="2" hits="1"/>
						<line number="3" hits="1"/>
						<line number="4" hits="1"/>
						<line number="5" hits="1"/>
						<line number="7" hits="1"/>
						<line number="8" hits="1"/>
						<line number="11" hits="1"/>
						<line number="12" hits="1"/>
						<line number="13" hits="1"/>
						<line number="15" hits="1"/>
						<line number="18" hits="1"/>
						<line number="19" hits="1"/>
						<line number="20" hits="1"/>
						<line number="21" hits="1"/>
						<line number="23" hits="1" branch="true" condition-coverage="100% (2/2)"/>
						<line number="24" hits="1"/>
						<line number="28" hits="1"/>
						<line number="37" hits="1"/>
						<line number="39" hits="1" branch="true" condition-coverage="50% (1/2)" missing-branches="104"/>
						<line number="40" hits="1"/>
						<line number="41" hits="1"/>
						<line number="44" hits="1" branch="true" condition-coverage="100% (2/2)"/>
						<line number="47" hits="1"/>
						<line number="48" hits="1"/>
						<line number="49" hits="1"/>
						<line number="52" hits="1" branch="true" condition-coverage="100% (2/2)"/>
						<line number="54" hits="1"/>
						<line number="55" hits="1"/>
						<line number="57" hits="1"/>
						<line number="61" hits="1"/>
						<line number="62" hits="1"/>
						<line number="65" hits="1" branch="true" condition-coverage="100% (2/2)"/>
						<line number="66" hits="1"/>
						<line number="69" hits="1" branch="true" condition-coverage="50% (1/2)" missing-branches="70"/>
						<line number="70" hits="0"/>
						<line number="72" hits="1"/>
						<line number="73" hits="1"/>
						<line number="75" hits="0"/>
						<line number="77" hits="0"/>
						<line number="78" hits="0" branch="true" condition-coverage="0% (0/2)" missing-branches="79,83"/>
						<line number="79" hits="0"/>
						<line number="83" hits="0" branch="true" condition-coverage="0% (0/2)" missing-branches="84,88"/>
						<line number="84" hits="0"/>
						<line number="88" hits="0"/>
						<line number="89" hits="0"/>
						<line number="90" hits="0"/>
						<line number="92" hits="0"/>
						<line number="93" hits="0"/>
						<line number="97" hits="0" branch="true" condition-coverage="0% (0/2)" missing-branches="39,98"/>
						<line number="98" hits="0"/>
						<line number="99" hits="0"/>
						<line number="100" hits="0"/>
						<line number="101" hits="0"/>
						<line number="102" hits="0"/>
						<line number="104" hits="1"/>
						<line number="107" hits="1"/>
						<line number="108" hits="0"/>
						<line number="110" hits="1"/>
						<line number="111" hits="1"/>
						<line number="113" hits="1"/>
						<line number="114" hits="1"/>
						<line number="116" hits="1"/>
						<line number="117" hits="0"/>
					</lines>
				</class>
				<class name="config_manager.py" filename="wafrunner_cli/core/config_manager.py" complexity="0" line-rate="0.8333" branch-rate="0.75">
					<methods/>
					<lines>
						<line number="1" hits="1"/>
						<line number="2" hits="1"/>
						<line number="5" hits="1"/>
						<line number="8" hits="1"/>
						<line number="9" hits="1"/>
						<line number="10" hits="1"/>
						<line number="11" hits="1"/>
						<line number="13" hits="1"/>
						<line number="15" hits="1"/>
						<line number="16" hits="1"/>
						<line number="17" hits="1"/>
						<line number="18" hits="1"/>
						<line number="19" hits="1"/>
						<line number="20" hits="0"/>
						<line number="21" hits="0"/>
						<line number="23" hits="1"/>
						<line number="25" hits="1" branch="true" condition-coverage="100% (2/2)"/>
						<line number="26" hits="1"/>
						<line number="27" hits="1"/>
						<line number="28" hits="1"/>
						<line number="29" hits="1"/>
						<line number="30" hits="1" branch="true" condition-coverage="50% (1/2)" missing-branches="32"/>
						<line number="31" hits="1"/>
						<line number="32" hits="0"/>
						<line number="33" hits="0"/>
						<line number="34" hits="0"/>
						<line number="36" hits="1"/>
						<line number="38" hits="1"/>
						<line number="39" hits="1"/>
						<line number="40" hits="1"/>
					</lines>
				</class>
				<class name="database.py" filename="wafrunner_cli/core/database.py" complexity="0" line-rate="1" branch-rate="1">
					<methods/>
					<lines>
						<line number="2" hits="1"/>
						<line number="3" hits="1"/>
						<line number="4" hits="1"/>
						<line number="6" hits="1"/>
						<line number="9" hits="1"/>
						<line number="11" hits="1"/>
						<line number="12" hits="1"/>
						<line number="13" hits="1"/>
						<line number="14" hits="1"/>
						<line number="15" hits="1"/>
						<line number="17" hits="1"/>
						<line number="19" hits="1"/>
						<line number="26" hits="1"/>
						<line number="28" hits="1"/>
						<line number="30" hits="1"/>
						<line number="31" hits="1"/>
						<line number="33" hits="1"/>
						<line number="41" hits="1"/>
						<line number="45" hits="1"/>
						<line number="47" hits="1"/>
						<line number="49" hits="1"/>
					</lines>
				</class>
				<class name="exceptions.py" filename="wafrunner_cli/core/exceptions.py" complexity="0" line-rate="1" branch-rate="1">
					<methods/>
					<lines>
						<line number="1" hits="1"/>
						<line number="4" hits="1"/>
						<line number="7" hits="1"/>
						<line number="10" hits="1"/>
					</lines>
				</class>
				<class name="lookup_service.py" filename="wafrunner_cli/core/lookup_service.py" complexity="0" line-rate="1" branch-rate="0.9167">
					<methods/>
					<lines>
						<line number="2" hits="1"/>
						<line number="3" hits="1"/>
						<line number="6" hits="1"/>
						<line number="9" hits="1"/>
						<line number="11" hits="1"/>
						<line number="13" hits="1" branch="true" condition-coverage="100% (2/2)"/>
						<line number="14" hits="1"/>
						<line number="15" hits="1"/>
						<line number="16" hits="1"/>
						<line number="17" hits="1"/>
						<line number="18" hits="1"/>
						<line number="19" hits="1"/>
						<line number="21" hits="1"/>
						<line number="23" hits="1" branch="true" condition-coverage="100% (2/2)"/>
						<line number="24" hits="1"/>
						<line number="25" hits="1"/>
						<line number="26" hits="1"/>
						<line number="27" hits="1"/>
						<line number="28" hits="1"/>
						<line number="29" hits="1"/>
						<line number="31" hits="1"/>
						<line number="41" hits="1" branch="true" condition-coverage="100% (2/2)"/>
						<line number="42" hits="1"/>
						<line number="43" hits="1"/>
						<line number="44" hits="1" branch="true" condition-coverage="100% (2/2)"/>
						<line number="45" hits="1"/>
						<line number="46" hits="1" branch="true" condition-coverage="100% (2/2)"/>
						<line number="47" hits="1"/>
						<line number="48" hits="1"/>
						<line number="49" hits="1" branch="true" condition-coverage="50% (1/2)" missing-branches="52"/>
						<line number="50" hits="1"/>
						<line number="52" hits="1"/>
					</lines>
				</class>
			</classes>
		</package>
	</packages>
</coverage>
